# JRE version: Java(TM) SE Runtime Environment (19.0.1+10) (build 19.0.1+10-21)
# Java VM: Java HotSpot(TM) 64-Bit Server VM (19.0.1+10-21, mixed mode, sharing, tiered, compressed oops, compressed class ptrs, g1 gc, windows-amd64)
GC Precious Log:
 CardTable entry size: 512
 Card Set container configuration: InlinePtr #cards 5 size 8 Array Of Cards #cards 12 size 40 Howl #buckets 4 coarsen threshold 1843 Howl Bitmap #cards 512 size 80 coarsen threshold 460 Card regions per heap region 1 cards per card region 2048
 CPUs: 12 total, 12 available
 Memory: 16252M
 Large Page Support: Disabled
 NUMA Support: Disabled
 Compressed Oops: Enabled (32-bit)
 Heap Region Size: 1M
 Heap Min Capacity: 8M
 Heap Initial Capacity: 254M
 Heap Max Capacity: 1G
 Pre-touch: Disabled
 Parallel Workers: 10
 Concurrent Workers: 3
 Concurrent Refinement Workers: 10
 Periodic GC: Disabled
Heap:
 garbage-first heap   total 410624K, used 240896K [0x00000000c0000000, 0x0000000100000000)
  region size 1024K, 95 young (97280K), 12 survivors (12288K)
 Metaspace       used 87000K, committed 89408K, reserved 1179648K
  class space    used 11873K, committed 13120K, reserved 1048576K
GC Heap History (20 events):
Event: 236.014 GC heap before
{Heap before GC invocations=31 (full 0):
 garbage-first heap   total 203776K, used 136132K [0x00000000c0000000, 0x0000000100000000)
  region size 1024K, 30 young (30720K), 3 survivors (3072K)
 Metaspace       used 83996K, committed 86272K, reserved 1179648K
  class space    used 11489K, committed 12672K, reserved 1048576K
}
Event: 236.062 GC heap after
{Heap after GC invocations=32 (full 0):
 garbage-first heap   total 203776K, used 109553K [0x00000000c0000000, 0x0000000100000000)
  region size 1024K, 4 young (4096K), 4 survivors (4096K)
 Metaspace       used 83996K, committed 86272K, reserved 1179648K
  class space    used 11489K, committed 12672K, reserved 1048576K
}
Event: 236.242 GC heap before
{Heap before GC invocations=32 (full 0):
 garbage-first heap   total 203776K, used 114673K [0x00000000c0000000, 0x0000000100000000)
  region size 1024K, 9 young (9216K), 4 survivors (4096K)
 Metaspace       used 83996K, committed 86272K, reserved 1179648K
  class space    used 11489K, committed 12672K, reserved 1048576K
}
Event: 236.277 GC heap after
{Heap after GC invocations=33 (full 0):
 garbage-first heap   total 203776K, used 109470K [0x00000000c0000000, 0x0000000100000000)
  region size 1024K, 1 young (1024K), 1 survivors (1024K)
 Metaspace       used 83996K, committed 86272K, reserved 1179648K
  class space    used 11489K, committed 12672K, reserved 1048576K
}
Event: 237.591 GC heap before
{Heap before GC invocations=33 (full 0):
 garbage-first heap   total 203776K, used 157598K [0x00000000c0000000, 0x0000000100000000)
  region size 1024K, 48 young (49152K), 1 survivors (1024K)
 Metaspace       used 83996K, committed 86272K, reserved 1179648K
  class space    used 11489K, committed 12672K, reserved 1048576K
}
Event: 237.596 GC heap after
{Heap after GC invocations=34 (full 0):
 garbage-first heap   total 203776K, used 111460K [0x00000000c0000000, 0x0000000100000000)
  region size 1024K, 3 young (3072K), 3 survivors (3072K)
 Metaspace       used 83996K, committed 86272K, reserved 1179648K
  class space    used 11489K, committed 12672K, reserved 1048576K
}
Event: 239.554 GC heap before
{Heap before GC invocations=34 (full 0):
 garbage-first heap   total 203776K, used 170852K [0x00000000c0000000, 0x0000000100000000)
  region size 1024K, 51 young (52224K), 3 survivors (3072K)
 Metaspace       used 84093K, committed 86336K, reserved 1179648K
  class space    used 11510K, committed 12672K, reserved 1048576K
}
Event: 239.566 GC heap after
{Heap after GC invocations=35 (full 0):
 garbage-first heap   total 203776K, used 120679K [0x00000000c0000000, 0x0000000100000000)
  region size 1024K, 7 young (7168K), 7 survivors (7168K)
 Metaspace       used 84093K, committed 86336K, reserved 1179648K
  class space    used 11510K, committed 12672K, reserved 1048576K
}
Event: 240.551 GC heap before
{Heap before GC invocations=35 (full 0):
 garbage-first heap   total 203776K, used 164711K [0x00000000c0000000, 0x0000000100000000)
  region size 1024K, 50 young (51200K), 7 survivors (7168K)
 Metaspace       used 84534K, committed 86784K, reserved 1179648K
  class space    used 11583K, committed 12736K, reserved 1048576K
}
Event: 240.561 GC heap after
{Heap after GC invocations=36 (full 0):
 garbage-first heap   total 203776K, used 126258K [0x00000000c0000000, 0x0000000100000000)
  region size 1024K, 7 young (7168K), 7 survivors (7168K)
 Metaspace       used 84534K, committed 86784K, reserved 1179648K
  class space    used 11583K, committed 12736K, reserved 1048576K
}
Event: 240.741 GC heap before
{Heap before GC invocations=36 (full 0):
 garbage-first heap   total 203776K, used 163122K [0x00000000c0000000, 0x0000000100000000)
  region size 1024K, 44 young (45056K), 7 survivors (7168K)
 Metaspace       used 84600K, committed 86848K, reserved 1179648K
  class space    used 11593K, committed 12736K, reserved 1048576K
}
Event: 240.750 GC heap after
{Heap after GC invocations=37 (full 0):
 garbage-first heap   total 203776K, used 130879K [0x00000000c0000000, 0x0000000100000000)
  region size 1024K, 6 young (6144K), 6 survivors (6144K)
 Metaspace       used 84600K, committed 86848K, reserved 1179648K
  class space    used 11593K, committed 12736K, reserved 1048576K
}
Event: 240.759 GC heap before
{Heap before GC invocations=37 (full 0):
 garbage-first heap   total 203776K, used 133951K [0x00000000c0000000, 0x0000000100000000)
  region size 1024K, 10 young (10240K), 6 survivors (6144K)
 Metaspace       used 84600K, committed 86848K, reserved 1179648K
  class space    used 11593K, committed 12736K, reserved 1048576K
}
Event: 240.765 GC heap after
{Heap after GC invocations=38 (full 0):
 garbage-first heap   total 203776K, used 132454K [0x00000000c0000000, 0x0000000100000000)
  region size 1024K, 2 young (2048K), 2 survivors (2048K)
 Metaspace       used 84600K, committed 86848K, reserved 1179648K
  class space    used 11593K, committed 12736K, reserved 1048576K
}
Event: 240.967 GC heap before
{Heap before GC invocations=39 (full 0):
 garbage-first heap   total 250880K, used 163174K [0x00000000c0000000, 0x0000000100000000)
  region size 1024K, 34 young (34816K), 2 survivors (2048K)
 Metaspace       used 84603K, committed 86848K, reserved 1179648K
  class space    used 11593K, committed 12736K, reserved 1048576K
}
Event: 240.979 GC heap after
{Heap after GC invocations=40 (full 0):
 garbage-first heap   total 250880K, used 137903K [0x00000000c0000000, 0x0000000100000000)
  region size 1024K, 5 young (5120K), 5 survivors (5120K)
 Metaspace       used 84603K, committed 86848K, reserved 1179648K
  class space    used 11593K, committed 12736K, reserved 1048576K
}
Event: 241.037 GC heap before
{Heap before GC invocations=40 (full 0):
 garbage-first heap   total 250880K, used 144047K [0x00000000c0000000, 0x0000000100000000)
  region size 1024K, 12 young (12288K), 5 survivors (5120K)
 Metaspace       used 84615K, committed 86848K, reserved 1179648K
  class space    used 11595K, committed 12736K, reserved 1048576K
}
Event: 241.049 GC heap after
{Heap after GC invocations=41 (full 0):
 garbage-first heap   total 410624K, used 142161K [0x00000000c0000000, 0x0000000100000000)
  region size 1024K, 2 young (2048K), 2 survivors (2048K)
 Metaspace       used 84615K, committed 86848K, reserved 1179648K
  class space    used 11595K, committed 12736K, reserved 1048576K
}
Event: 415.447 GC heap before
{Heap before GC invocations=41 (full 0):
 garbage-first heap   total 410624K, used 283472K [0x00000000c0000000, 0x0000000100000000)
  region size 1024K, 141 young (144384K), 2 survivors (2048K)
 Metaspace       used 86893K, committed 89280K, reserved 1179648K
  class space    used 11869K, committed 13120K, reserved 1048576K
}
Event: 415.475 GC heap after
{Heap after GC invocations=42 (full 0):
 garbage-first heap   total 410624K, used 151808K [0x00000000c0000000, 0x0000000100000000)
  region size 1024K, 12 young (12288K), 12 survivors (12288K)
 Metaspace       used 86893K, committed 89280K, reserved 1179648K
  class space    used 11869K, committed 13120K, reserved 1048576K
}

